2023-07-27 08:12:42,643 INFO [31m[1mWARNING: This is a development server. Do not use it in a production deployment. Use a production WSGI server instead.[0m
 * Running on http://127.0.0.1:5000
2023-07-27 08:12:42,644 INFO [33mPress CTRL+C to quit[0m
2023-07-27 08:12:48,577 INFO 127.0.0.1 - - [27/Jul/2023 08:12:48] "GET / HTTP/1.1" 200 -
2023-07-27 08:13:05,844 INFO Found 25 waypoints
2023-07-27 08:13:05,845 INFO Writing waypoint to fms: ident=KPHL, alt=0.0, lat=39.872083, lon=-75.240664
2023-07-27 08:13:05,845 INFO Writing waypoint to fms: ident=PTW, alt=0.0, lat=40.222233, lon=-75.56025
2023-07-27 08:13:05,845 INFO Writing waypoint to fms: ident=SARAA, alt=0.0, lat=40.439325, lon=-75.887861
2023-07-27 08:13:05,845 INFO Writing waypoint to fms: ident=SUZIE, alt=0.0, lat=40.453256, lon=-75.972764
2023-07-27 08:13:05,845 INFO Writing waypoint to fms: ident=RAV, alt=0.0, lat=40.553394, lon=-76.599381
2023-07-27 08:13:05,845 INFO Writing waypoint to fms: ident=VALLO, alt=0.0, lat=40.626825, lon=-77.438464
2023-07-27 08:13:05,846 INFO Writing waypoint to fms: ident=MCMAN, alt=0.0, lat=40.637808, lon=-77.570642
2023-07-27 08:13:05,846 INFO Writing waypoint to fms: ident=BURNI, alt=0.0, lat=40.656844, lon=-77.803914
2023-07-27 08:13:05,846 INFO Writing waypoint to fms: ident=QUARM, alt=0.0, lat=40.829225, lon=-79.077628
2023-07-27 08:13:05,846 INFO Writing waypoint to fms: ident=ALEEE, alt=0.0, lat=41.007828, lon=-80.531711
2023-07-27 08:13:05,846 INFO Writing waypoint to fms: ident=FAALS, alt=0.0, lat=41.0475, lon=-80.877806
2023-07-27 08:13:05,846 INFO Writing waypoint to fms: ident=SRPEN, alt=0.0, lat=41.09135, lon=-81.601367
2023-07-27 08:13:05,846 INFO Writing waypoint to fms: ident=PSKUR, alt=0.0, lat=41.154403, lon=-82.715767
2023-07-27 08:13:05,846 INFO Writing waypoint to fms: ident=WEEVR, alt=0.0, lat=41.222608, lon=-84.217781
2023-07-27 08:13:05,846 INFO Writing waypoint to fms: ident=NOLNN, alt=0.0, lat=41.234375, lon=-84.636669
2023-07-27 08:13:05,846 INFO Writing waypoint to fms: ident=DAIFE, alt=0.0, lat=41.268889, lon=-85.855278
2023-07-27 08:13:05,847 INFO Writing waypoint to fms: ident=WATSN, alt=0.0, lat=41.283453, lon=-86.035336
2023-07-27 08:13:05,847 INFO Writing waypoint to fms: ident=HAUPO, alt=0.0, lat=41.342575, lon=-86.5431
2023-07-27 08:13:05,847 INFO Writing waypoint to fms: ident=MKITA, alt=0.0, lat=41.4, lon=-86.692778
2023-07-27 08:13:05,847 INFO Writing waypoint to fms: ident=PRISE, alt=0.0, lat=41.535556, lon=-86.781389
2023-07-27 08:13:05,847 INFO Writing waypoint to fms: ident=HULLS, alt=0.0, lat=41.656667, lon=-86.793333
2023-07-27 08:13:05,847 INFO Writing waypoint to fms: ident=STYLE, alt=0.0, lat=41.773972, lon=-86.808383
2023-07-27 08:13:05,847 INFO Writing waypoint to fms: ident=DWEEB, alt=0.0, lat=41.865833, lon=-86.829444
2023-07-27 08:13:05,847 INFO Writing waypoint to fms: ident=CENAK, alt=0.0, lat=41.996111, lon=-86.975278
2023-07-27 08:13:05,847 INFO Writing waypoint to fms: ident=KORD, alt=0.0, lat=41.976942, lon=-87.90815
2023-07-27 08:13:05,847 INFO Writing padding line to fms
2023-07-27 08:13:05,847 INFO Writing padding line to fms
2023-07-27 08:13:05,848 INFO Writing padding line to fms
2023-07-27 08:13:05,848 INFO Writing padding line to fms
2023-07-27 08:13:05,848 INFO Writing padding line to fms
2023-07-27 08:13:05,848 INFO Writing padding line to fms
2023-07-27 08:13:05,848 INFO Writing padding line to fms
2023-07-27 08:13:05,848 INFO Writing padding line to fms
2023-07-27 08:13:05,848 INFO Writing padding line to fms
2023-07-27 08:13:05,848 INFO Writing padding line to fms
2023-07-27 08:13:05,848 INFO Writing padding line to fms
2023-07-27 08:13:05,848 INFO Writing padding line to fms
2023-07-27 08:13:05,848 INFO Writing padding line to fms
2023-07-27 08:13:05,848 INFO Writing padding line to fms
2023-07-27 08:13:05,848 INFO Writing padding line to fms
2023-07-27 08:13:05,848 INFO Writing padding line to fms
2023-07-27 08:13:05,849 INFO Writing padding line to fms
2023-07-27 08:13:05,849 INFO Writing padding line to fms
2023-07-27 08:13:05,849 INFO Writing padding line to fms
2023-07-27 08:13:05,849 INFO Writing padding line to fms
2023-07-27 08:13:05,849 INFO Writing padding line to fms
2023-07-27 08:13:05,849 INFO Writing padding line to fms
2023-07-27 08:13:05,849 INFO Writing padding line to fms
2023-07-27 08:13:05,849 INFO Writing padding line to fms
2023-07-27 08:13:05,849 INFO Writing padding line to fms
2023-07-27 08:13:05,849 INFO Writing padding line to fms
2023-07-27 08:13:05,849 INFO Writing padding line to fms
2023-07-27 08:13:05,849 INFO Writing padding line to fms
2023-07-27 08:13:05,849 INFO Writing padding line to fms
2023-07-27 08:13:05,850 INFO Writing padding line to fms
2023-07-27 08:13:05,850 INFO Writing padding line to fms
2023-07-27 08:13:05,850 INFO Writing padding line to fms
2023-07-27 08:13:05,850 INFO Writing padding line to fms
2023-07-27 08:13:05,850 INFO Writing padding line to fms
2023-07-27 08:13:05,850 INFO Writing padding line to fms
2023-07-27 08:13:05,850 INFO Writing padding line to fms
2023-07-27 08:13:05,850 INFO Writing padding line to fms
2023-07-27 08:13:05,850 INFO Writing padding line to fms
2023-07-27 08:13:05,850 INFO Writing padding line to fms
2023-07-27 08:13:05,850 INFO Writing padding line to fms
2023-07-27 08:13:05,850 INFO Writing padding line to fms
2023-07-27 08:13:05,850 INFO Writing padding line to fms
2023-07-27 08:13:05,850 INFO Writing padding line to fms
2023-07-27 08:13:05,851 INFO Writing padding line to fms
2023-07-27 08:13:05,851 INFO Writing padding line to fms
2023-07-27 08:13:05,851 INFO Writing padding line to fms
2023-07-27 08:13:05,851 INFO Writing padding line to fms
2023-07-27 08:13:05,851 INFO Writing padding line to fms
2023-07-27 08:13:05,851 INFO Writing padding line to fms
2023-07-27 08:13:05,851 INFO Writing padding line to fms
2023-07-27 08:13:05,851 INFO Writing padding line to fms
2023-07-27 08:13:05,851 INFO Writing padding line to fms
2023-07-27 08:13:05,851 INFO Writing padding line to fms
2023-07-27 08:13:05,851 INFO Writing padding line to fms
2023-07-27 08:13:05,851 INFO Writing padding line to fms
2023-07-27 08:13:05,851 INFO Writing padding line to fms
2023-07-27 08:13:05,851 INFO Writing padding line to fms
2023-07-27 08:13:05,852 INFO Writing padding line to fms
2023-07-27 08:13:05,852 INFO Writing padding line to fms
2023-07-27 08:13:05,852 INFO Writing padding line to fms
2023-07-27 08:13:05,852 INFO Writing padding line to fms
2023-07-27 08:13:05,852 INFO Writing padding line to fms
2023-07-27 08:13:05,852 INFO Writing padding line to fms
2023-07-27 08:13:05,852 INFO Writing padding line to fms
2023-07-27 08:13:05,852 INFO Writing padding line to fms
2023-07-27 08:13:05,852 INFO Writing padding line to fms
2023-07-27 08:13:05,852 INFO Writing padding line to fms
2023-07-27 08:13:05,852 INFO Writing padding line to fms
2023-07-27 08:13:05,852 INFO Writing padding line to fms
2023-07-27 08:13:05,852 INFO Writing padding line to fms
2023-07-27 08:13:05,852 INFO Writing padding line to fms
2023-07-27 08:13:05,852 INFO Writing padding line to fms
2023-07-27 08:13:05,854 INFO Writing padding line to fms
2023-07-27 08:13:05,854 INFO Writing padding line to fms
2023-07-27 08:13:05,854 INFO Writing padding line to fms
2023-07-27 08:13:05,854 INFO Converted uploads\KORD.fpl to uploads\KORD.fms
2023-07-27 08:13:05,971 INFO 127.0.0.1 - - [27/Jul/2023 08:13:05] "POST / HTTP/1.1" 200 -
2023-07-27 08:44:54,370 INFO [31m[1mWARNING: This is a development server. Do not use it in a production deployment. Use a production WSGI server instead.[0m
 * Running on http://127.0.0.1:5000
2023-07-27 08:44:54,370 INFO [33mPress CTRL+C to quit[0m
2023-07-27 08:44:59,485 INFO 127.0.0.1 - - [27/Jul/2023 08:44:59] "GET / HTTP/1.1" 200 -
2023-07-27 08:45:30,561 INFO 127.0.0.1 - - [27/Jul/2023 08:45:30] "GET / HTTP/1.1" 200 -
2023-07-27 08:46:16,495 INFO Found 25 waypoints
2023-07-27 08:46:16,495 INFO Writing waypoint to fms: ident=KPHL, alt=0.0, lat=39.872083, lon=-75.240664
2023-07-27 08:46:16,495 INFO Writing waypoint to fms: ident=PTW, alt=0.0, lat=40.222233, lon=-75.56025
2023-07-27 08:46:16,495 INFO Writing waypoint to fms: ident=SARAA, alt=0.0, lat=40.439325, lon=-75.887861
2023-07-27 08:46:16,496 INFO Writing waypoint to fms: ident=SUZIE, alt=0.0, lat=40.453256, lon=-75.972764
2023-07-27 08:46:16,496 INFO Writing waypoint to fms: ident=RAV, alt=0.0, lat=40.553394, lon=-76.599381
2023-07-27 08:46:16,496 INFO Writing waypoint to fms: ident=VALLO, alt=0.0, lat=40.626825, lon=-77.438464
2023-07-27 08:46:16,496 INFO Writing waypoint to fms: ident=MCMAN, alt=0.0, lat=40.637808, lon=-77.570642
2023-07-27 08:46:16,496 INFO Writing waypoint to fms: ident=BURNI, alt=0.0, lat=40.656844, lon=-77.803914
2023-07-27 08:46:16,496 INFO Writing waypoint to fms: ident=QUARM, alt=0.0, lat=40.829225, lon=-79.077628
2023-07-27 08:46:16,496 INFO Writing waypoint to fms: ident=ALEEE, alt=0.0, lat=41.007828, lon=-80.531711
2023-07-27 08:46:16,496 INFO Writing waypoint to fms: ident=FAALS, alt=0.0, lat=41.0475, lon=-80.877806
2023-07-27 08:46:16,496 INFO Writing waypoint to fms: ident=SRPEN, alt=0.0, lat=41.09135, lon=-81.601367
2023-07-27 08:46:16,496 INFO Writing waypoint to fms: ident=PSKUR, alt=0.0, lat=41.154403, lon=-82.715767
2023-07-27 08:46:16,497 INFO Writing waypoint to fms: ident=WEEVR, alt=0.0, lat=41.222608, lon=-84.217781
2023-07-27 08:46:16,497 INFO Writing waypoint to fms: ident=NOLNN, alt=0.0, lat=41.234375, lon=-84.636669
2023-07-27 08:46:16,497 INFO Writing waypoint to fms: ident=DAIFE, alt=0.0, lat=41.268889, lon=-85.855278
2023-07-27 08:46:16,497 INFO Writing waypoint to fms: ident=WATSN, alt=0.0, lat=41.283453, lon=-86.035336
2023-07-27 08:46:16,497 INFO Writing waypoint to fms: ident=HAUPO, alt=0.0, lat=41.342575, lon=-86.5431
2023-07-27 08:46:16,497 INFO Writing waypoint to fms: ident=MKITA, alt=0.0, lat=41.4, lon=-86.692778
2023-07-27 08:46:16,497 INFO Writing waypoint to fms: ident=PRISE, alt=0.0, lat=41.535556, lon=-86.781389
2023-07-27 08:46:16,497 INFO Writing waypoint to fms: ident=HULLS, alt=0.0, lat=41.656667, lon=-86.793333
2023-07-27 08:46:16,497 INFO Writing waypoint to fms: ident=STYLE, alt=0.0, lat=41.773972, lon=-86.808383
2023-07-27 08:46:16,497 INFO Writing waypoint to fms: ident=DWEEB, alt=0.0, lat=41.865833, lon=-86.829444
2023-07-27 08:46:16,497 INFO Writing waypoint to fms: ident=CENAK, alt=0.0, lat=41.996111, lon=-86.975278
2023-07-27 08:46:16,498 INFO Writing waypoint to fms: ident=KORD, alt=0.0, lat=41.976942, lon=-87.90815
2023-07-27 08:46:16,498 INFO Writing padding line to fms
2023-07-27 08:46:16,498 INFO Writing padding line to fms
2023-07-27 08:46:16,498 INFO Writing padding line to fms
2023-07-27 08:46:16,498 INFO Writing padding line to fms
2023-07-27 08:46:16,498 INFO Writing padding line to fms
2023-07-27 08:46:16,498 INFO Writing padding line to fms
2023-07-27 08:46:16,498 INFO Writing padding line to fms
2023-07-27 08:46:16,498 INFO Writing padding line to fms
2023-07-27 08:46:16,498 INFO Writing padding line to fms
2023-07-27 08:46:16,498 INFO Writing padding line to fms
2023-07-27 08:46:16,498 INFO Writing padding line to fms
2023-07-27 08:46:16,498 INFO Writing padding line to fms
2023-07-27 08:46:16,498 INFO Writing padding line to fms
2023-07-27 08:46:16,499 INFO Writing padding line to fms
2023-07-27 08:46:16,499 INFO Writing padding line to fms
2023-07-27 08:46:16,499 INFO Writing padding line to fms
2023-07-27 08:46:16,499 INFO Writing padding line to fms
2023-07-27 08:46:16,499 INFO Writing padding line to fms
2023-07-27 08:46:16,499 INFO Writing padding line to fms
2023-07-27 08:46:16,499 INFO Writing padding line to fms
2023-07-27 08:46:16,499 INFO Writing padding line to fms
2023-07-27 08:46:16,499 INFO Writing padding line to fms
2023-07-27 08:46:16,499 INFO Writing padding line to fms
2023-07-27 08:46:16,499 INFO Writing padding line to fms
2023-07-27 08:46:16,499 INFO Writing padding line to fms
2023-07-27 08:46:16,499 INFO Writing padding line to fms
2023-07-27 08:46:16,499 INFO Writing padding line to fms
2023-07-27 08:46:16,500 INFO Writing padding line to fms
2023-07-27 08:46:16,500 INFO Writing padding line to fms
2023-07-27 08:46:16,500 INFO Writing padding line to fms
2023-07-27 08:46:16,500 INFO Writing padding line to fms
2023-07-27 08:46:16,500 INFO Writing padding line to fms
2023-07-27 08:46:16,500 INFO Writing padding line to fms
2023-07-27 08:46:16,500 INFO Writing padding line to fms
2023-07-27 08:46:16,500 INFO Writing padding line to fms
2023-07-27 08:46:16,500 INFO Writing padding line to fms
2023-07-27 08:46:16,500 INFO Writing padding line to fms
2023-07-27 08:46:16,501 INFO Writing padding line to fms
2023-07-27 08:46:16,501 INFO Writing padding line to fms
2023-07-27 08:46:16,501 INFO Writing padding line to fms
2023-07-27 08:46:16,501 INFO Writing padding line to fms
2023-07-27 08:46:16,501 INFO Writing padding line to fms
2023-07-27 08:46:16,501 INFO Writing padding line to fms
2023-07-27 08:46:16,501 INFO Writing padding line to fms
2023-07-27 08:46:16,501 INFO Writing padding line to fms
2023-07-27 08:46:16,502 INFO Writing padding line to fms
2023-07-27 08:46:16,502 INFO Writing padding line to fms
2023-07-27 08:46:16,502 INFO Writing padding line to fms
2023-07-27 08:46:16,502 INFO Writing padding line to fms
2023-07-27 08:46:16,502 INFO Writing padding line to fms
2023-07-27 08:46:16,502 INFO Writing padding line to fms
2023-07-27 08:46:16,502 INFO Writing padding line to fms
2023-07-27 08:46:16,502 INFO Writing padding line to fms
2023-07-27 08:46:16,503 INFO Writing padding line to fms
2023-07-27 08:46:16,503 INFO Writing padding line to fms
2023-07-27 08:46:16,503 INFO Writing padding line to fms
2023-07-27 08:46:16,503 INFO Writing padding line to fms
2023-07-27 08:46:16,503 INFO Writing padding line to fms
2023-07-27 08:46:16,503 INFO Writing padding line to fms
2023-07-27 08:46:16,503 INFO Writing padding line to fms
2023-07-27 08:46:16,503 INFO Writing padding line to fms
2023-07-27 08:46:16,504 INFO Writing padding line to fms
2023-07-27 08:46:16,504 INFO Writing padding line to fms
2023-07-27 08:46:16,504 INFO Writing padding line to fms
2023-07-27 08:46:16,504 INFO Writing padding line to fms
2023-07-27 08:46:16,504 INFO Writing padding line to fms
2023-07-27 08:46:16,504 INFO Writing padding line to fms
2023-07-27 08:46:16,504 INFO Writing padding line to fms
2023-07-27 08:46:16,504 INFO Writing padding line to fms
2023-07-27 08:46:16,505 INFO Writing padding line to fms
2023-07-27 08:46:16,505 INFO Writing padding line to fms
2023-07-27 08:46:16,505 INFO Writing padding line to fms
2023-07-27 08:46:16,505 INFO Writing padding line to fms
2023-07-27 08:46:16,505 INFO Writing padding line to fms
2023-07-27 08:46:16,505 INFO Writing padding line to fms
2023-07-27 08:46:16,506 INFO Converted uploads\KORD.fpl to uploads\KORD.fms
2023-07-27 08:46:16,626 INFO 127.0.0.1 - - [27/Jul/2023 08:46:16] "POST / HTTP/1.1" 200 -
2023-07-27 08:51:50,007 INFO 127.0.0.1 - - [27/Jul/2023 08:51:50] "GET / HTTP/1.1" 200 -
2023-07-27 08:52:42,526 INFO [31m[1mWARNING: This is a development server. Do not use it in a production deployment. Use a production WSGI server instead.[0m
 * Running on http://127.0.0.1:5000
2023-07-27 08:52:42,526 INFO [33mPress CTRL+C to quit[0m
2023-07-27 08:52:47,178 INFO 127.0.0.1 - - [27/Jul/2023 08:52:47] "GET / HTTP/1.1" 200 -
